g:\проекты\forward\c++\enginesimulation\enginesimulation\x64\debug\vc143.pdb
g:\проекты\forward\c++\enginesimulation\enginesimulation\x64\debug\vc143.idb
g:\проекты\forward\c++\enginesimulation\enginesimulation\x64\debug\testingstand.obj
g:\проекты\forward\c++\enginesimulation\enginesimulation\x64\debug\ice.obj
g:\проекты\forward\c++\enginesimulation\enginesimulation\x64\debug\enginesimulation.obj
g:\проекты\forward\c++\enginesimulation\enginesimulation\x64\debug\engine.obj
g:\проекты\forward\c++\enginesimulation\x64\debug\enginesimulation.pdb
g:\проекты\forward\c++\enginesimulation\enginesimulation\x64\debug\enginesimulation.tlog\cl.command.1.tlog
g:\проекты\forward\c++\enginesimulation\enginesimulation\x64\debug\enginesimulation.tlog\cl.items.tlog
g:\проекты\forward\c++\enginesimulation\enginesimulation\x64\debug\enginesimulation.tlog\cl.read.1.tlog
g:\проекты\forward\c++\enginesimulation\enginesimulation\x64\debug\enginesimulation.tlog\cl.write.1.tlog
g:\проекты\forward\c++\enginesimulation\enginesimulation\x64\debug\enginesimulation.tlog\link.10388-cvtres.read.1.tlog
g:\проекты\forward\c++\enginesimulation\enginesimulation\x64\debug\enginesimulation.tlog\link.10388-cvtres.write.1.tlog
g:\проекты\forward\c++\enginesimulation\enginesimulation\x64\debug\enginesimulation.tlog\link.10388-rc.read.1.tlog
g:\проекты\forward\c++\enginesimulation\enginesimulation\x64\debug\enginesimulation.tlog\link.10388-rc.write.1.tlog
g:\проекты\forward\c++\enginesimulation\enginesimulation\x64\debug\enginesimulation.tlog\link.10388.read.1.tlog
g:\проекты\forward\c++\enginesimulation\enginesimulation\x64\debug\enginesimulation.tlog\link.10388.read.2.tlog
g:\проекты\forward\c++\enginesimulation\enginesimulation\x64\debug\enginesimulation.tlog\link.10388.write.1.tlog
g:\проекты\forward\c++\enginesimulation\enginesimulation\x64\debug\enginesimulation.tlog\link.command.1.tlog
g:\проекты\forward\c++\enginesimulation\enginesimulation\x64\debug\enginesimulation.tlog\link.read.1.tlog
g:\проекты\forward\c++\enginesimulation\enginesimulation\x64\debug\enginesimulation.tlog\link.write.1.tlog
